2022-05-23 19:36:05,966 WARN org.apache.juli.logging.DirectJDKLog [http-nio-9200-exec-9] Creation of SecureRandom instance for session ID generation using [SHA1PRNG] took [717] milliseconds.
2022-05-23 19:43:31,486 INFO org.springframework.boot.StartupInfoLogger [main] Starting CraftDemoApplication using Java 11.0.10 on MSI with PID 23288 (C:\Users\deepa\Desktop\Craft demo\craft-demo\target\classes started by deepa in C:\Users\deepa\Desktop\Craft demo\craft-demo)
2022-05-23 19:43:31,489 INFO org.springframework.boot.SpringApplication [main] No active profile set, falling back to 1 default profile: "default"
2022-05-23 19:43:33,298 INFO org.springframework.boot.web.embedded.tomcat.TomcatWebServer [main] Tomcat initialized with port(s): 9200 (http)
2022-05-23 19:43:33,319 INFO org.apache.juli.logging.DirectJDKLog [main] Initializing ProtocolHandler ["http-nio-9200"]
2022-05-23 19:43:33,319 INFO org.apache.juli.logging.DirectJDKLog [main] Starting service [Tomcat]
2022-05-23 19:43:33,320 INFO org.apache.juli.logging.DirectJDKLog [main] Starting Servlet engine: [Apache Tomcat/9.0.62]
2022-05-23 19:43:33,499 INFO org.apache.juli.logging.DirectJDKLog [main] Initializing Spring embedded WebApplicationContext
2022-05-23 19:43:33,500 INFO org.springframework.boot.web.servlet.context.ServletWebServerApplicationContext [main] Root WebApplicationContext: initialization completed in 1961 ms
2022-05-23 19:43:33,707 WARN org.springframework.context.support.AbstractApplicationContext [main] Exception encountered during context initialization - cancelling refresh attempt: org.springframework.beans.factory.BeanCreationException: Error creating bean with name 'springSecurityFilterChain' defined in class path resource [org/springframework/security/config/annotation/web/configuration/WebSecurityConfiguration.class]: Bean instantiation via factory method failed; nested exception is org.springframework.beans.BeanInstantiationException: Failed to instantiate [javax.servlet.Filter]: Factory method 'springSecurityFilterChain' threw exception; nested exception is java.lang.IllegalArgumentException: Cannot pass a null GrantedAuthority collection
2022-05-23 19:43:33,711 INFO org.apache.juli.logging.DirectJDKLog [main] Stopping service [Tomcat]
2022-05-23 19:43:33,723 INFO org.springframework.boot.autoconfigure.logging.ConditionEvaluationReportLoggingListener [main] 

Error starting ApplicationContext. To display the conditions report re-run your application with 'debug' enabled.
2022-05-23 19:43:33,747 ERROR org.springframework.boot.SpringApplication [main] Application run failed
org.springframework.beans.factory.BeanCreationException: Error creating bean with name 'springSecurityFilterChain' defined in class path resource [org/springframework/security/config/annotation/web/configuration/WebSecurityConfiguration.class]: Bean instantiation via factory method failed; nested exception is org.springframework.beans.BeanInstantiationException: Failed to instantiate [javax.servlet.Filter]: Factory method 'springSecurityFilterChain' threw exception; nested exception is java.lang.IllegalArgumentException: Cannot pass a null GrantedAuthority collection
	at org.springframework.beans.factory.support.ConstructorResolver.instantiate(ConstructorResolver.java:658)
	at org.springframework.beans.factory.support.ConstructorResolver.instantiateUsingFactoryMethod(ConstructorResolver.java:486)
	at org.springframework.beans.factory.support.AbstractAutowireCapableBeanFactory.instantiateUsingFactoryMethod(AbstractAutowireCapableBeanFactory.java:1352)
	at org.springframework.beans.factory.support.AbstractAutowireCapableBeanFactory.createBeanInstance(AbstractAutowireCapableBeanFactory.java:1195)
	at org.springframework.beans.factory.support.AbstractAutowireCapableBeanFactory.doCreateBean(AbstractAutowireCapableBeanFactory.java:582)
	at org.springframework.beans.factory.support.AbstractAutowireCapableBeanFactory.createBean(AbstractAutowireCapableBeanFactory.java:542)
	at org.springframework.beans.factory.support.AbstractBeanFactory.lambda$doGetBean$0(AbstractBeanFactory.java:335)
	at org.springframework.beans.factory.support.DefaultSingletonBeanRegistry.getSingleton(DefaultSingletonBeanRegistry.java:234)
	at org.springframework.beans.factory.support.AbstractBeanFactory.doGetBean(AbstractBeanFactory.java:333)
	at org.springframework.beans.factory.support.AbstractBeanFactory.getBean(AbstractBeanFactory.java:208)
	at org.springframework.beans.factory.support.AbstractBeanFactory.doGetBean(AbstractBeanFactory.java:322)
	at org.springframework.beans.factory.support.AbstractBeanFactory.getBean(AbstractBeanFactory.java:208)
	at org.springframework.beans.factory.support.DefaultListableBeanFactory.preInstantiateSingletons(DefaultListableBeanFactory.java:953)
	at org.springframework.context.support.AbstractApplicationContext.finishBeanFactoryInitialization(AbstractApplicationContext.java:918)
	at org.springframework.context.support.AbstractApplicationContext.refresh(AbstractApplicationContext.java:583)
	at org.springframework.boot.web.servlet.context.ServletWebServerApplicationContext.refresh(ServletWebServerApplicationContext.java:145)
	at org.springframework.boot.SpringApplication.refresh(SpringApplication.java:740)
	at org.springframework.boot.SpringApplication.refreshContext(SpringApplication.java:415)
	at org.springframework.boot.SpringApplication.run(SpringApplication.java:303)
	at org.springframework.boot.SpringApplication.run(SpringApplication.java:1312)
	at org.springframework.boot.SpringApplication.run(SpringApplication.java:1301)
	at com.intuit.craftdemo.CraftDemoApplication.main(CraftDemoApplication.java:12)
Caused by: org.springframework.beans.BeanInstantiationException: Failed to instantiate [javax.servlet.Filter]: Factory method 'springSecurityFilterChain' threw exception; nested exception is java.lang.IllegalArgumentException: Cannot pass a null GrantedAuthority collection
	at org.springframework.beans.factory.support.SimpleInstantiationStrategy.instantiate(SimpleInstantiationStrategy.java:185)
	at org.springframework.beans.factory.support.ConstructorResolver.instantiate(ConstructorResolver.java:653)
	... 21 common frames omitted
Caused by: java.lang.IllegalArgumentException: Cannot pass a null GrantedAuthority collection
	at org.springframework.util.Assert.notNull(Assert.java:201)
	at org.springframework.security.core.userdetails.User.sortAuthorities(User.java:162)
	at org.springframework.security.core.userdetails.User.<init>(User.java:118)
	at org.springframework.security.core.userdetails.User$UserBuilder.build(User.java:504)
	at org.springframework.security.config.annotation.authentication.configurers.provisioning.UserDetailsManagerConfigurer$UserDetailsBuilder.build(UserDetailsManagerConfigurer.java:266)
	at org.springframework.security.config.annotation.authentication.configurers.provisioning.UserDetailsManagerConfigurer.initUserDetailsService(UserDetailsManagerConfigurer.java:59)
	at org.springframework.security.config.annotation.authentication.configurers.userdetails.UserDetailsServiceConfigurer.configure(UserDetailsServiceConfigurer.java:47)
	at org.springframework.security.config.annotation.authentication.configurers.userdetails.UserDetailsServiceConfigurer.configure(UserDetailsServiceConfigurer.java:34)
	at org.springframework.security.config.annotation.AbstractConfiguredSecurityBuilder.configure(AbstractConfiguredSecurityBuilder.java:349)
	at org.springframework.security.config.annotation.AbstractConfiguredSecurityBuilder.doBuild(AbstractConfiguredSecurityBuilder.java:303)
	at org.springframework.security.config.annotation.AbstractSecurityBuilder.build(AbstractSecurityBuilder.java:38)
	at org.springframework.security.config.annotation.web.configuration.WebSecurityConfigurerAdapter.authenticationManager(WebSecurityConfigurerAdapter.java:269)
	at org.springframework.security.config.annotation.web.configuration.WebSecurityConfigurerAdapter.getHttp(WebSecurityConfigurerAdapter.java:204)
	at org.springframework.security.config.annotation.web.configuration.WebSecurityConfigurerAdapter.init(WebSecurityConfigurerAdapter.java:315)
	at org.springframework.security.config.annotation.web.configuration.WebSecurityConfigurerAdapter.init(WebSecurityConfigurerAdapter.java:93)
	at com.intuit.craftdemo.security.CraftDemoSecurity$$EnhancerBySpringCGLIB$$2ff06295.init(<generated>)
	at org.springframework.security.config.annotation.AbstractConfiguredSecurityBuilder.init(AbstractConfiguredSecurityBuilder.java:338)
	at org.springframework.security.config.annotation.AbstractConfiguredSecurityBuilder.doBuild(AbstractConfiguredSecurityBuilder.java:300)
	at org.springframework.security.config.annotation.AbstractSecurityBuilder.build(AbstractSecurityBuilder.java:38)
	at org.springframework.security.config.annotation.web.configuration.WebSecurityConfiguration.springSecurityFilterChain(WebSecurityConfiguration.java:127)
	at java.base/jdk.internal.reflect.NativeMethodAccessorImpl.invoke0(Native Method)
	at java.base/jdk.internal.reflect.NativeMethodAccessorImpl.invoke(NativeMethodAccessorImpl.java:62)
	at java.base/jdk.internal.reflect.DelegatingMethodAccessorImpl.invoke(DelegatingMethodAccessorImpl.java:43)
	at java.base/java.lang.reflect.Method.invoke(Method.java:566)
	at org.springframework.beans.factory.support.SimpleInstantiationStrategy.instantiate(SimpleInstantiationStrategy.java:154)
	... 22 common frames omitted
2022-05-23 19:44:14,715 INFO org.springframework.boot.StartupInfoLogger [main] Starting CraftDemoApplication using Java 11.0.10 on MSI with PID 11772 (C:\Users\deepa\Desktop\Craft demo\craft-demo\target\classes started by deepa in C:\Users\deepa\Desktop\Craft demo\craft-demo)
2022-05-23 19:44:14,719 INFO org.springframework.boot.SpringApplication [main] No active profile set, falling back to 1 default profile: "default"
2022-05-23 19:44:16,515 INFO org.springframework.boot.web.embedded.tomcat.TomcatWebServer [main] Tomcat initialized with port(s): 9200 (http)
2022-05-23 19:44:16,533 INFO org.apache.juli.logging.DirectJDKLog [main] Initializing ProtocolHandler ["http-nio-9200"]
2022-05-23 19:44:16,534 INFO org.apache.juli.logging.DirectJDKLog [main] Starting service [Tomcat]
2022-05-23 19:44:16,534 INFO org.apache.juli.logging.DirectJDKLog [main] Starting Servlet engine: [Apache Tomcat/9.0.62]
2022-05-23 19:44:16,625 INFO org.apache.juli.logging.DirectJDKLog [main] Initializing Spring embedded WebApplicationContext
2022-05-23 19:44:16,626 INFO org.springframework.boot.web.servlet.context.ServletWebServerApplicationContext [main] Root WebApplicationContext: initialization completed in 1844 ms
2022-05-23 19:44:16,911 INFO org.springframework.security.web.DefaultSecurityFilterChain [main] Will secure any request with [org.springframework.security.web.context.request.async.WebAsyncManagerIntegrationFilter@4dac121d, org.springframework.security.web.context.SecurityContextPersistenceFilter@50a13c2f, org.springframework.security.web.header.HeaderWriterFilter@5649d11a, org.springframework.security.web.csrf.CsrfFilter@32d5279, org.springframework.security.web.authentication.logout.LogoutFilter@427a12b6, org.springframework.security.web.authentication.www.BasicAuthenticationFilter@78d71df1, org.springframework.security.web.savedrequest.RequestCacheAwareFilter@53c99b09, org.springframework.security.web.servletapi.SecurityContextHolderAwareRequestFilter@d4df0e, org.springframework.security.web.authentication.AnonymousAuthenticationFilter@568750b7, org.springframework.security.web.session.SessionManagementFilter@76f881d9, org.springframework.security.web.access.ExceptionTranslationFilter@f0020b1, org.springframework.security.web.access.intercept.FilterSecurityInterceptor@60df7989]
2022-05-23 19:44:17,205 WARN org.springframework.boot.autoconfigure.security.servlet.UserDetailsServiceAutoConfiguration [main] 

Using generated security password: a45eacf4-1fbe-4974-8924-d6839a877215

This generated password is for development use only. Your security configuration must be updated before running your application in production.

2022-05-23 19:44:17,211 INFO org.apache.juli.logging.DirectJDKLog [main] Starting ProtocolHandler ["http-nio-9200"]
2022-05-23 19:44:17,233 INFO org.springframework.boot.web.embedded.tomcat.TomcatWebServer [main] Tomcat started on port(s): 9200 (http) with context path ''
2022-05-23 19:44:17,242 INFO org.springframework.boot.StartupInfoLogger [main] Started CraftDemoApplication in 3.086 seconds (JVM running for 3.513)
2022-05-23 19:45:18,754 INFO org.springframework.boot.StartupInfoLogger [main] Starting CraftDemoApplication using Java 11.0.10 on MSI with PID 21900 (C:\Users\deepa\Desktop\Craft demo\craft-demo\target\classes started by deepa in C:\Users\deepa\Desktop\Craft demo\craft-demo)
2022-05-23 19:45:18,757 INFO org.springframework.boot.SpringApplication [main] No active profile set, falling back to 1 default profile: "default"
2022-05-23 19:45:20,542 INFO org.springframework.boot.web.embedded.tomcat.TomcatWebServer [main] Tomcat initialized with port(s): 9200 (http)
2022-05-23 19:45:20,558 INFO org.apache.juli.logging.DirectJDKLog [main] Initializing ProtocolHandler ["http-nio-9200"]
2022-05-23 19:45:20,559 INFO org.apache.juli.logging.DirectJDKLog [main] Starting service [Tomcat]
2022-05-23 19:45:20,559 INFO org.apache.juli.logging.DirectJDKLog [main] Starting Servlet engine: [Apache Tomcat/9.0.62]
2022-05-23 19:45:20,651 INFO org.apache.juli.logging.DirectJDKLog [main] Initializing Spring embedded WebApplicationContext
2022-05-23 19:45:20,652 INFO org.springframework.boot.web.servlet.context.ServletWebServerApplicationContext [main] Root WebApplicationContext: initialization completed in 1838 ms
2022-05-23 19:45:20,850 WARN org.springframework.boot.autoconfigure.security.servlet.UserDetailsServiceAutoConfiguration [main] 

Using generated security password: e67905c5-4681-416e-85e9-d4d234091c1d

This generated password is for development use only. Your security configuration must be updated before running your application in production.

2022-05-23 19:45:20,971 INFO org.springframework.security.web.DefaultSecurityFilterChain [main] Will secure any request with [org.springframework.security.web.context.request.async.WebAsyncManagerIntegrationFilter@79f90a3a, org.springframework.security.web.context.SecurityContextPersistenceFilter@713ec32d, org.springframework.security.web.header.HeaderWriterFilter@2abbd0d9, org.springframework.security.web.csrf.CsrfFilter@d4df0e, org.springframework.security.web.authentication.logout.LogoutFilter@23cbbd07, org.springframework.security.web.authentication.www.BasicAuthenticationFilter@4116f66a, org.springframework.security.web.savedrequest.RequestCacheAwareFilter@36aab105, org.springframework.security.web.servletapi.SecurityContextHolderAwareRequestFilter@25a7fedf, org.springframework.security.web.authentication.AnonymousAuthenticationFilter@22bdb1d0, org.springframework.security.web.session.SessionManagementFilter@1a07bf6, org.springframework.security.web.access.ExceptionTranslationFilter@32ec9c90, org.springframework.security.web.access.intercept.FilterSecurityInterceptor@4e224df5]
2022-05-23 19:45:21,278 INFO org.apache.juli.logging.DirectJDKLog [main] Starting ProtocolHandler ["http-nio-9200"]
2022-05-23 19:45:21,304 INFO org.springframework.boot.web.embedded.tomcat.TomcatWebServer [main] Tomcat started on port(s): 9200 (http) with context path ''
2022-05-23 19:45:21,315 INFO org.springframework.boot.StartupInfoLogger [main] Started CraftDemoApplication in 3.125 seconds (JVM running for 3.56)
2022-05-23 20:01:24,829 INFO org.springframework.boot.StartupInfoLogger [main] Starting CraftDemoApplication using Java 11.0.10 on MSI with PID 22496 (C:\Users\deepa\Desktop\Craft demo\craft-demo\target\classes started by deepa in C:\Users\deepa\Desktop\Craft demo\craft-demo)
2022-05-23 20:01:24,832 INFO org.springframework.boot.SpringApplication [main] No active profile set, falling back to 1 default profile: "default"
2022-05-23 20:01:26,591 INFO org.springframework.boot.web.embedded.tomcat.TomcatWebServer [main] Tomcat initialized with port(s): 9200 (http)
2022-05-23 20:01:26,608 INFO org.apache.juli.logging.DirectJDKLog [main] Initializing ProtocolHandler ["http-nio-9200"]
2022-05-23 20:01:26,609 INFO org.apache.juli.logging.DirectJDKLog [main] Starting service [Tomcat]
2022-05-23 20:01:26,609 INFO org.apache.juli.logging.DirectJDKLog [main] Starting Servlet engine: [Apache Tomcat/9.0.62]
2022-05-23 20:01:26,707 INFO org.apache.juli.logging.DirectJDKLog [main] Initializing Spring embedded WebApplicationContext
2022-05-23 20:01:26,708 INFO org.springframework.boot.web.servlet.context.ServletWebServerApplicationContext [main] Root WebApplicationContext: initialization completed in 1815 ms
2022-05-23 20:01:27,014 INFO org.springframework.security.web.DefaultSecurityFilterChain [main] Will secure any request with [org.springframework.security.web.context.request.async.WebAsyncManagerIntegrationFilter@2fb25f4c, org.springframework.security.web.context.SecurityContextPersistenceFilter@d4df0e, org.springframework.security.web.header.HeaderWriterFilter@101ca8da, org.springframework.security.web.csrf.CsrfFilter@1860f3be, org.springframework.security.web.authentication.logout.LogoutFilter@1a07bf6, org.springframework.security.web.authentication.www.BasicAuthenticationFilter@16a2ed51, org.springframework.security.web.savedrequest.RequestCacheAwareFilter@de7e193, org.springframework.security.web.servletapi.SecurityContextHolderAwareRequestFilter@46046c06, org.springframework.security.web.authentication.AnonymousAuthenticationFilter@de81be1, org.springframework.security.web.session.SessionManagementFilter@74606204, org.springframework.security.web.access.ExceptionTranslationFilter@70721c12, org.springframework.security.web.access.intercept.FilterSecurityInterceptor@1cd43562]
2022-05-23 20:01:27,299 WARN org.springframework.boot.autoconfigure.security.servlet.UserDetailsServiceAutoConfiguration [main] 

Using generated security password: f5e97731-4dd7-4926-85ae-f90789296cc6

This generated password is for development use only. Your security configuration must be updated before running your application in production.

2022-05-23 20:01:27,305 INFO org.apache.juli.logging.DirectJDKLog [main] Starting ProtocolHandler ["http-nio-9200"]
2022-05-23 20:01:27,323 INFO org.springframework.boot.web.embedded.tomcat.TomcatWebServer [main] Tomcat started on port(s): 9200 (http) with context path ''
2022-05-23 20:01:27,335 INFO org.springframework.boot.StartupInfoLogger [main] Started CraftDemoApplication in 3.083 seconds (JVM running for 3.52)
2022-05-23 20:05:40,153 INFO org.apache.juli.logging.DirectJDKLog [http-nio-9200-exec-1] Initializing Spring DispatcherServlet 'dispatcherServlet'
2022-05-23 20:05:40,155 INFO org.springframework.web.servlet.FrameworkServlet [http-nio-9200-exec-1] Initializing Servlet 'dispatcherServlet'
2022-05-23 20:05:40,158 INFO org.springframework.web.servlet.FrameworkServlet [http-nio-9200-exec-1] Completed initialization in 2 ms
2022-05-23 20:05:41,487 WARN org.apache.juli.logging.DirectJDKLog [http-nio-9200-exec-1] Creation of SecureRandom instance for session ID generation using [SHA1PRNG] took [1,260] milliseconds.
2022-05-23 20:07:29,502 INFO org.springframework.boot.StartupInfoLogger [main] Starting CraftDemoApplication using Java 11.0.10 on MSI with PID 22272 (C:\Users\deepa\Desktop\Craft demo\craft-demo\target\classes started by deepa in C:\Users\deepa\Desktop\Craft demo\craft-demo)
2022-05-23 20:07:29,506 INFO org.springframework.boot.SpringApplication [main] No active profile set, falling back to 1 default profile: "default"
2022-05-23 20:07:31,444 INFO org.springframework.boot.web.embedded.tomcat.TomcatWebServer [main] Tomcat initialized with port(s): 9200 (http)
2022-05-23 20:07:31,477 INFO org.apache.juli.logging.DirectJDKLog [main] Initializing ProtocolHandler ["http-nio-9200"]
2022-05-23 20:07:31,479 INFO org.apache.juli.logging.DirectJDKLog [main] Starting service [Tomcat]
2022-05-23 20:07:31,480 INFO org.apache.juli.logging.DirectJDKLog [main] Starting Servlet engine: [Apache Tomcat/9.0.62]
2022-05-23 20:07:31,639 INFO org.apache.juli.logging.DirectJDKLog [main] Initializing Spring embedded WebApplicationContext
2022-05-23 20:07:31,639 INFO org.springframework.boot.web.servlet.context.ServletWebServerApplicationContext [main] Root WebApplicationContext: initialization completed in 2064 ms
2022-05-23 20:07:31,826 WARN org.springframework.boot.autoconfigure.security.servlet.UserDetailsServiceAutoConfiguration [main] 

Using generated security password: b77edb36-ed4e-4d65-943a-0c4d649fe8e4

This generated password is for development use only. Your security configuration must be updated before running your application in production.

2022-05-23 20:07:31,952 INFO org.springframework.security.web.DefaultSecurityFilterChain [main] Will secure any request with [org.springframework.security.web.context.request.async.WebAsyncManagerIntegrationFilter@79f90a3a, org.springframework.security.web.context.SecurityContextPersistenceFilter@713ec32d, org.springframework.security.web.header.HeaderWriterFilter@2abbd0d9, org.springframework.security.web.csrf.CsrfFilter@d4df0e, org.springframework.security.web.authentication.logout.LogoutFilter@23cbbd07, org.springframework.security.web.authentication.www.BasicAuthenticationFilter@4116f66a, org.springframework.security.web.savedrequest.RequestCacheAwareFilter@36aab105, org.springframework.security.web.servletapi.SecurityContextHolderAwareRequestFilter@25a7fedf, org.springframework.security.web.authentication.AnonymousAuthenticationFilter@22bdb1d0, org.springframework.security.web.session.SessionManagementFilter@1a07bf6, org.springframework.security.web.access.ExceptionTranslationFilter@32ec9c90, org.springframework.security.web.access.intercept.FilterSecurityInterceptor@4e224df5]
2022-05-23 20:07:32,292 INFO org.apache.juli.logging.DirectJDKLog [main] Starting ProtocolHandler ["http-nio-9200"]
2022-05-23 20:07:32,316 INFO org.springframework.boot.web.embedded.tomcat.TomcatWebServer [main] Tomcat started on port(s): 9200 (http) with context path ''
2022-05-23 20:07:32,327 INFO org.springframework.boot.StartupInfoLogger [main] Started CraftDemoApplication in 3.398 seconds (JVM running for 3.866)
2022-05-23 20:07:36,457 INFO org.apache.juli.logging.DirectJDKLog [http-nio-9200-exec-2] Initializing Spring DispatcherServlet 'dispatcherServlet'
2022-05-23 20:07:36,459 INFO org.springframework.web.servlet.FrameworkServlet [http-nio-9200-exec-2] Initializing Servlet 'dispatcherServlet'
2022-05-23 20:07:36,462 INFO org.springframework.web.servlet.FrameworkServlet [http-nio-9200-exec-2] Completed initialization in 3 ms
2022-05-23 20:07:42,523 INFO com.intuit.craftdemo.config.RequestInterceptor [http-nio-9200-exec-3] Generating tracer
2022-05-23 20:07:42,524 INFO com.intuit.craftdemo.config.RequestInterceptor [http-nio-9200-exec-3] TRACER ID: d054adcd73444139a12fe992d228e959  | Request URL: /craft/v1/success
2022-05-23 20:07:42,587 INFO com.intuit.craftdemo.config.RequestInterceptor [http-nio-9200-exec-4] Generating tracer
2022-05-23 20:07:42,588 INFO com.intuit.craftdemo.config.RequestInterceptor [http-nio-9200-exec-4] TRACER ID: a831a947685044e6b4798373ecd0dd69  | Request URL: /craft/v1/success
2022-05-23 20:07:42,621 INFO com.intuit.craftdemo.controller.CraftDemoController [http-nio-9200-exec-4] handleSuccess controller
2022-05-23 20:07:42,621 INFO com.intuit.craftdemo.controller.CraftDemoController [http-nio-9200-exec-4]  user name admin
2022-05-23 20:09:15,593 INFO org.springframework.boot.StartupInfoLogger [main] Starting CraftDemoApplication using Java 11.0.10 on MSI with PID 6124 (C:\Users\deepa\Desktop\Craft demo\craft-demo\target\classes started by deepa in C:\Users\deepa\Desktop\Craft demo\craft-demo)
2022-05-23 20:09:15,597 INFO org.springframework.boot.SpringApplication [main] No active profile set, falling back to 1 default profile: "default"
2022-05-23 20:09:17,240 INFO org.springframework.boot.web.embedded.tomcat.TomcatWebServer [main] Tomcat initialized with port(s): 9200 (http)
2022-05-23 20:09:17,249 INFO org.apache.juli.logging.DirectJDKLog [main] Initializing ProtocolHandler ["http-nio-9200"]
2022-05-23 20:09:17,250 INFO org.apache.juli.logging.DirectJDKLog [main] Starting service [Tomcat]
2022-05-23 20:09:17,250 INFO org.apache.juli.logging.DirectJDKLog [main] Starting Servlet engine: [Apache Tomcat/9.0.62]
2022-05-23 20:09:17,353 INFO org.apache.juli.logging.DirectJDKLog [main] Initializing Spring embedded WebApplicationContext
2022-05-23 20:09:17,353 INFO org.springframework.boot.web.servlet.context.ServletWebServerApplicationContext [main] Root WebApplicationContext: initialization completed in 1692 ms
2022-05-23 20:09:17,544 WARN org.springframework.boot.autoconfigure.security.servlet.UserDetailsServiceAutoConfiguration [main] 

Using generated security password: 8a803aa5-943f-4f5b-9e58-bce1767db719

This generated password is for development use only. Your security configuration must be updated before running your application in production.

2022-05-23 20:09:17,635 INFO org.springframework.security.web.DefaultSecurityFilterChain [main] Will secure any request with [org.springframework.security.web.context.request.async.WebAsyncManagerIntegrationFilter@2582b0ef, org.springframework.security.web.context.SecurityContextPersistenceFilter@726934e2, org.springframework.security.web.header.HeaderWriterFilter@2f10f633, org.springframework.security.web.csrf.CsrfFilter@6d67f5eb, org.springframework.security.web.authentication.logout.LogoutFilter@3069a360, org.springframework.security.web.authentication.www.BasicAuthenticationFilter@5649d11a, org.springframework.security.web.savedrequest.RequestCacheAwareFilter@e280403, org.springframework.security.web.servletapi.SecurityContextHolderAwareRequestFilter@6968c1d6, org.springframework.security.web.authentication.AnonymousAuthenticationFilter@70721c12, org.springframework.security.web.session.SessionManagementFilter@6a1ef65c, org.springframework.security.web.access.ExceptionTranslationFilter@6088451e, org.springframework.security.web.access.intercept.FilterSecurityInterceptor@1c067c0d]
2022-05-23 20:09:17,866 INFO org.apache.juli.logging.DirectJDKLog [main] Starting ProtocolHandler ["http-nio-9200"]
2022-05-23 20:09:17,884 INFO org.springframework.boot.web.embedded.tomcat.TomcatWebServer [main] Tomcat started on port(s): 9200 (http) with context path ''
2022-05-23 20:09:17,893 INFO org.springframework.boot.StartupInfoLogger [main] Started CraftDemoApplication in 2.873 seconds (JVM running for 3.323)
2022-05-23 21:25:12,818 INFO org.springframework.boot.StartupInfoLogger [main] Starting CraftDemoApplication using Java 11.0.10 on MSI with PID 18372 (C:\Users\deepa\Desktop\Craft demo\craft-demo\target\classes started by deepa in C:\Users\deepa\Desktop\Craft demo\craft-demo)
2022-05-23 21:25:12,821 INFO org.springframework.boot.SpringApplication [main] No active profile set, falling back to 1 default profile: "default"
2022-05-23 21:25:14,620 INFO org.springframework.boot.web.embedded.tomcat.TomcatWebServer [main] Tomcat initialized with port(s): 9200 (http)
2022-05-23 21:25:14,629 INFO org.apache.juli.logging.DirectJDKLog [main] Initializing ProtocolHandler ["http-nio-9200"]
2022-05-23 21:25:14,630 INFO org.apache.juli.logging.DirectJDKLog [main] Starting service [Tomcat]
2022-05-23 21:25:14,630 INFO org.apache.juli.logging.DirectJDKLog [main] Starting Servlet engine: [Apache Tomcat/9.0.62]
2022-05-23 21:25:14,740 INFO org.apache.juli.logging.DirectJDKLog [main] Initializing Spring embedded WebApplicationContext
2022-05-23 21:25:14,740 INFO org.springframework.boot.web.servlet.context.ServletWebServerApplicationContext [main] Root WebApplicationContext: initialization completed in 1859 ms
2022-05-23 21:25:15,045 INFO org.springframework.security.web.DefaultSecurityFilterChain [main] Will secure any request with [org.springframework.security.web.context.request.async.WebAsyncManagerIntegrationFilter@1f2f0109, org.springframework.security.web.context.SecurityContextPersistenceFilter@40247d48, org.springframework.security.web.header.HeaderWriterFilter@5c9934da, org.springframework.security.web.csrf.CsrfFilter@65a9ea3c, org.springframework.security.web.authentication.logout.LogoutFilter@3b55dd15, org.springframework.security.web.authentication.www.BasicAuthenticationFilter@26ca61bf, org.springframework.security.web.savedrequest.RequestCacheAwareFilter@14c93774, org.springframework.security.web.servletapi.SecurityContextHolderAwareRequestFilter@1f939a0f, org.springframework.security.web.authentication.AnonymousAuthenticationFilter@483b0690, org.springframework.security.web.session.SessionManagementFilter@315105f, org.springframework.security.web.access.ExceptionTranslationFilter@6ca30b8a, org.springframework.security.web.access.intercept.FilterSecurityInterceptor@1d06f16f]
2022-05-23 21:25:15,319 INFO org.apache.juli.logging.DirectJDKLog [main] Starting ProtocolHandler ["http-nio-9200"]
2022-05-23 21:25:15,342 INFO org.springframework.boot.web.embedded.tomcat.TomcatWebServer [main] Tomcat started on port(s): 9200 (http) with context path ''
2022-05-23 21:25:15,354 INFO org.springframework.boot.StartupInfoLogger [main] Started CraftDemoApplication in 3.241 seconds (JVM running for 3.787)
2022-05-23 21:39:31,152 INFO org.apache.juli.logging.DirectJDKLog [http-nio-9200-exec-1] Initializing Spring DispatcherServlet 'dispatcherServlet'
2022-05-23 21:39:31,154 INFO org.springframework.web.servlet.FrameworkServlet [http-nio-9200-exec-1] Initializing Servlet 'dispatcherServlet'
2022-05-23 21:39:31,156 INFO org.springframework.web.servlet.FrameworkServlet [http-nio-9200-exec-1] Completed initialization in 1 ms
2022-05-23 21:39:44,176 INFO com.intuit.craftdemo.config.RequestInterceptor [http-nio-9200-exec-3] Generating tracer
2022-05-23 21:39:44,177 INFO com.intuit.craftdemo.config.RequestInterceptor [http-nio-9200-exec-3] TRACER ID: 35c90444bcd14d59b42dde1fa8d79797  | Request URL: /craft/v1/success
2022-05-23 21:39:44,202 INFO com.intuit.craftdemo.config.RequestInterceptor [http-nio-9200-exec-4] Generating tracer
2022-05-23 21:39:44,203 INFO com.intuit.craftdemo.config.RequestInterceptor [http-nio-9200-exec-4] TRACER ID: 8aa7de9205f544fd8c59d390d9fa1ef9  | Request URL: /craft/v1/success
2022-05-23 21:39:44,223 INFO com.intuit.craftdemo.controller.CraftDemoController [http-nio-9200-exec-4] handleSuccess controller
2022-05-23 21:39:44,223 INFO com.intuit.craftdemo.controller.CraftDemoController [http-nio-9200-exec-4]  user name admin1
2022-05-23 21:40:23,339 INFO com.intuit.craftdemo.config.RequestInterceptor [http-nio-9200-exec-5] Generating tracer
2022-05-23 21:40:23,339 INFO com.intuit.craftdemo.config.RequestInterceptor [http-nio-9200-exec-5] TRACER ID: 590f9ff386084ec7a70dec760c7bd6c5  | Request URL: /craft/v1/success
2022-05-23 21:40:23,339 INFO com.intuit.craftdemo.controller.CraftDemoController [http-nio-9200-exec-5] handleSuccess controller
2022-05-23 21:40:23,340 INFO com.intuit.craftdemo.controller.CraftDemoController [http-nio-9200-exec-5]  user name asas
2022-05-23 21:41:52,700 INFO com.intuit.craftdemo.config.RequestInterceptor [http-nio-9200-exec-8] Generating tracer
2022-05-23 21:41:52,701 INFO com.intuit.craftdemo.config.RequestInterceptor [http-nio-9200-exec-8] TRACER ID: a1911c39bc9549c18a8d672dae702c47  | Request URL: /craft/v1/success
2022-05-23 21:41:52,701 INFO com.intuit.craftdemo.controller.CraftDemoController [http-nio-9200-exec-8] handleSuccess controller
2022-05-23 21:41:52,702 INFO com.intuit.craftdemo.controller.CraftDemoController [http-nio-9200-exec-8]  user name sdfs
2022-05-23 21:53:17,424 INFO org.springframework.boot.StartupInfoLogger [main] Starting CraftDemoApplication using Java 11.0.10 on MSI with PID 6400 (C:\Users\deepa\Desktop\Craft demo\craft-demo\target\classes started by deepa in C:\Users\deepa\Desktop\Craft demo\craft-demo)
2022-05-23 21:53:17,428 INFO org.springframework.boot.SpringApplication [main] No active profile set, falling back to 1 default profile: "default"
2022-05-23 21:53:19,003 INFO org.springframework.boot.web.embedded.tomcat.TomcatWebServer [main] Tomcat initialized with port(s): 9200 (http)
2022-05-23 21:53:19,012 INFO org.apache.juli.logging.DirectJDKLog [main] Initializing ProtocolHandler ["http-nio-9200"]
2022-05-23 21:53:19,013 INFO org.apache.juli.logging.DirectJDKLog [main] Starting service [Tomcat]
2022-05-23 21:53:19,013 INFO org.apache.juli.logging.DirectJDKLog [main] Starting Servlet engine: [Apache Tomcat/9.0.62]
2022-05-23 21:53:19,122 INFO org.apache.juli.logging.DirectJDKLog [main] Initializing Spring embedded WebApplicationContext
2022-05-23 21:53:19,122 INFO org.springframework.boot.web.servlet.context.ServletWebServerApplicationContext [main] Root WebApplicationContext: initialization completed in 1620 ms
2022-05-23 21:53:19,233 WARN org.springframework.context.support.AbstractApplicationContext [main] Exception encountered during context initialization - cancelling refresh attempt: org.springframework.beans.factory.UnsatisfiedDependencyException: Error creating bean with name 'craftDemoSecurity': Unsatisfied dependency expressed through field 'myUserDetailsService'; nested exception is org.springframework.beans.factory.NoSuchBeanDefinitionException: No qualifying bean of type 'com.intuit.craftdemo.security.MyUserDetailsService' available: expected at least 1 bean which qualifies as autowire candidate. Dependency annotations: {@org.springframework.beans.factory.annotation.Autowired(required=true)}
2022-05-23 21:53:19,237 INFO org.apache.juli.logging.DirectJDKLog [main] Stopping service [Tomcat]
2022-05-23 21:53:19,253 INFO org.springframework.boot.autoconfigure.logging.ConditionEvaluationReportLoggingListener [main] 

Error starting ApplicationContext. To display the conditions report re-run your application with 'debug' enabled.
2022-05-23 21:53:19,276 ERROR org.springframework.boot.diagnostics.LoggingFailureAnalysisReporter [main] 

***************************
APPLICATION FAILED TO START
***************************

Description:

Field myUserDetailsService in com.intuit.craftdemo.security.CraftDemoSecurity required a bean of type 'com.intuit.craftdemo.security.MyUserDetailsService' that could not be found.

The injection point has the following annotations:
	- @org.springframework.beans.factory.annotation.Autowired(required=true)


Action:

Consider defining a bean of type 'com.intuit.craftdemo.security.MyUserDetailsService' in your configuration.

2022-05-23 21:53:50,735 INFO org.springframework.boot.StartupInfoLogger [main] Starting CraftDemoApplication using Java 11.0.10 on MSI with PID 15372 (C:\Users\deepa\Desktop\Craft demo\craft-demo\target\classes started by deepa in C:\Users\deepa\Desktop\Craft demo\craft-demo)
2022-05-23 21:53:50,738 INFO org.springframework.boot.SpringApplication [main] No active profile set, falling back to 1 default profile: "default"
2022-05-23 21:53:52,332 INFO org.springframework.boot.web.embedded.tomcat.TomcatWebServer [main] Tomcat initialized with port(s): 9200 (http)
2022-05-23 21:53:52,341 INFO org.apache.juli.logging.DirectJDKLog [main] Initializing ProtocolHandler ["http-nio-9200"]
2022-05-23 21:53:52,342 INFO org.apache.juli.logging.DirectJDKLog [main] Starting service [Tomcat]
2022-05-23 21:53:52,342 INFO org.apache.juli.logging.DirectJDKLog [main] Starting Servlet engine: [Apache Tomcat/9.0.62]
2022-05-23 21:53:52,445 INFO org.apache.juli.logging.DirectJDKLog [main] Initializing Spring embedded WebApplicationContext
2022-05-23 21:53:52,446 INFO org.springframework.boot.web.servlet.context.ServletWebServerApplicationContext [main] Root WebApplicationContext: initialization completed in 1644 ms
2022-05-23 21:53:52,720 INFO org.springframework.security.web.DefaultSecurityFilterChain [main] Will secure any request with [org.springframework.security.web.context.request.async.WebAsyncManagerIntegrationFilter@31b82e0f, org.springframework.security.web.context.SecurityContextPersistenceFilter@46911148, org.springframework.security.web.header.HeaderWriterFilter@7ec95456, org.springframework.security.web.csrf.CsrfFilter@d675f9f, org.springframework.security.web.authentication.logout.LogoutFilter@40247d48, org.springframework.security.web.authentication.www.BasicAuthenticationFilter@2404b5a, org.springframework.security.web.savedrequest.RequestCacheAwareFilter@7e351d7, org.springframework.security.web.servletapi.SecurityContextHolderAwareRequestFilter@58658f63, org.springframework.security.web.authentication.AnonymousAuthenticationFilter@27a09971, org.springframework.security.web.session.SessionManagementFilter@65a9ea3c, org.springframework.security.web.access.ExceptionTranslationFilter@1e1eeedd, org.springframework.security.web.access.intercept.FilterSecurityInterceptor@5f05c8d6]
2022-05-23 21:53:52,991 INFO org.apache.juli.logging.DirectJDKLog [main] Starting ProtocolHandler ["http-nio-9200"]
2022-05-23 21:53:53,011 INFO org.springframework.boot.web.embedded.tomcat.TomcatWebServer [main] Tomcat started on port(s): 9200 (http) with context path ''
2022-05-23 21:53:53,020 INFO org.springframework.boot.StartupInfoLogger [main] Started CraftDemoApplication in 2.887 seconds (JVM running for 3.324)
2022-05-23 21:54:30,269 INFO org.apache.juli.logging.DirectJDKLog [http-nio-9200-exec-2] Initializing Spring DispatcherServlet 'dispatcherServlet'
2022-05-23 21:54:30,270 INFO org.springframework.web.servlet.FrameworkServlet [http-nio-9200-exec-2] Initializing Servlet 'dispatcherServlet'
2022-05-23 21:54:30,272 INFO org.springframework.web.servlet.FrameworkServlet [http-nio-9200-exec-2] Completed initialization in 1 ms
2022-05-23 21:54:30,764 WARN org.apache.juli.logging.DirectJDKLog [http-nio-9200-exec-2] Creation of SecureRandom instance for session ID generation using [SHA1PRNG] took [453] milliseconds.
2022-05-23 21:55:24,761 INFO com.intuit.craftdemo.config.RequestInterceptor [http-nio-9200-exec-3] Generating tracer
2022-05-23 21:55:24,761 INFO com.intuit.craftdemo.config.RequestInterceptor [http-nio-9200-exec-3] TRACER ID: 74f76e7aef244e94a280ad286134ac75  | Request URL: /craft/v1/success
2022-05-23 21:55:24,779 INFO com.intuit.craftdemo.controller.CraftDemoController [http-nio-9200-exec-3] handleSuccess controller
2022-05-23 21:55:24,779 INFO com.intuit.craftdemo.controller.CraftDemoController [http-nio-9200-exec-3]  user name admin
2022-05-23 21:56:18,905 INFO org.springframework.boot.StartupInfoLogger [main] Starting CraftDemoApplication using Java 11.0.10 on MSI with PID 14792 (C:\Users\deepa\Desktop\Craft demo\craft-demo\target\classes started by deepa in C:\Users\deepa\Desktop\Craft demo\craft-demo)
2022-05-23 21:56:18,910 INFO org.springframework.boot.SpringApplication [main] No active profile set, falling back to 1 default profile: "default"
2022-05-23 21:56:20,517 INFO org.springframework.boot.web.embedded.tomcat.TomcatWebServer [main] Tomcat initialized with port(s): 9200 (http)
2022-05-23 21:56:20,529 INFO org.apache.juli.logging.DirectJDKLog [main] Initializing ProtocolHandler ["http-nio-9200"]
2022-05-23 21:56:20,529 INFO org.apache.juli.logging.DirectJDKLog [main] Starting service [Tomcat]
2022-05-23 21:56:20,530 INFO org.apache.juli.logging.DirectJDKLog [main] Starting Servlet engine: [Apache Tomcat/9.0.62]
2022-05-23 21:56:20,649 INFO org.apache.juli.logging.DirectJDKLog [main] Initializing Spring embedded WebApplicationContext
2022-05-23 21:56:20,649 INFO org.springframework.boot.web.servlet.context.ServletWebServerApplicationContext [main] Root WebApplicationContext: initialization completed in 1633 ms
2022-05-23 21:56:20,934 INFO org.springframework.security.web.DefaultSecurityFilterChain [main] Will secure any request with [org.springframework.security.web.context.request.async.WebAsyncManagerIntegrationFilter@4a44cfc0, org.springframework.security.web.context.SecurityContextPersistenceFilter@642857e0, org.springframework.security.web.header.HeaderWriterFilter@65a9ea3c, org.springframework.security.web.csrf.CsrfFilter@163042ea, org.springframework.security.web.authentication.logout.LogoutFilter@d16be4f, org.springframework.security.web.authentication.www.BasicAuthenticationFilter@6af90849, org.springframework.security.web.savedrequest.RequestCacheAwareFilter@21263314, org.springframework.security.web.servletapi.SecurityContextHolderAwareRequestFilter@383caf89, org.springframework.security.web.authentication.AnonymousAuthenticationFilter@60e3c26e, org.springframework.security.web.session.SessionManagementFilter@4d84049a, org.springframework.security.web.access.ExceptionTranslationFilter@1835dc92, org.springframework.security.web.access.intercept.FilterSecurityInterceptor@3472947a]
2022-05-23 21:56:21,165 INFO org.apache.juli.logging.DirectJDKLog [main] Starting ProtocolHandler ["http-nio-9200"]
2022-05-23 21:56:21,185 INFO org.springframework.boot.web.embedded.tomcat.TomcatWebServer [main] Tomcat started on port(s): 9200 (http) with context path ''
2022-05-23 21:56:21,195 INFO org.springframework.boot.StartupInfoLogger [main] Started CraftDemoApplication in 2.846 seconds (JVM running for 3.283)
2022-05-23 21:56:26,877 INFO org.apache.juli.logging.DirectJDKLog [http-nio-9200-exec-2] Initializing Spring DispatcherServlet 'dispatcherServlet'
2022-05-23 21:56:26,879 INFO org.springframework.web.servlet.FrameworkServlet [http-nio-9200-exec-2] Initializing Servlet 'dispatcherServlet'
2022-05-23 21:56:26,880 INFO org.springframework.web.servlet.FrameworkServlet [http-nio-9200-exec-2] Completed initialization in 1 ms
2022-05-23 21:56:27,352 WARN org.apache.juli.logging.DirectJDKLog [http-nio-9200-exec-2] Creation of SecureRandom instance for session ID generation using [SHA1PRNG] took [435] milliseconds.
2022-05-23 21:56:31,507 INFO com.intuit.craftdemo.config.RequestInterceptor [http-nio-9200-exec-3] Generating tracer
2022-05-23 21:56:31,507 INFO com.intuit.craftdemo.config.RequestInterceptor [http-nio-9200-exec-3] TRACER ID: 3a1ea238e3974667a74e87804af9b4ad  | Request URL: /craft/v1/success
2022-05-23 21:57:22,734 INFO com.intuit.craftdemo.config.RequestInterceptor [http-nio-9200-exec-5] Generating tracer
2022-05-23 21:57:22,735 INFO com.intuit.craftdemo.config.RequestInterceptor [http-nio-9200-exec-5] TRACER ID: 0d6c53222041407cb848615e86507390  | Request URL: /craft/v1/success
2022-05-23 21:57:22,741 INFO com.intuit.craftdemo.controller.CraftDemoController [http-nio-9200-exec-5] handleSuccess controller
2022-05-23 21:57:22,741 INFO com.intuit.craftdemo.controller.CraftDemoController [http-nio-9200-exec-5]  user name admin
2022-05-23 22:38:42,465 INFO com.intuit.craftdemo.config.RequestInterceptor [http-nio-9200-exec-8] Generating tracer
2022-05-23 22:38:42,467 INFO com.intuit.craftdemo.config.RequestInterceptor [http-nio-9200-exec-8] TRACER ID: dd509f1c9145478b8fa5565f74b404d5  | Request URL: /craft/v1/fail
2022-05-23 22:38:42,493 INFO com.intuit.craftdemo.config.RequestInterceptor [http-nio-9200-exec-8] Generating tracer
2022-05-23 22:38:42,493 INFO com.intuit.craftdemo.config.RequestInterceptor [http-nio-9200-exec-8] TRACER ID: 78f53479cd5a4ff292eec176fe7a695b  | Request URL: /error
2022-05-23 22:49:09,104 INFO com.intuit.craftdemo.config.RequestInterceptor [http-nio-9200-exec-1] Generating tracer
2022-05-23 22:49:09,105 INFO com.intuit.craftdemo.config.RequestInterceptor [http-nio-9200-exec-1] TRACER ID: fbf3ba9588b8469e89a358fba208b9a4  | Request URL: /craft/v1/sucess
2022-05-23 22:49:09,115 INFO com.intuit.craftdemo.config.RequestInterceptor [http-nio-9200-exec-1] Generating tracer
2022-05-23 22:49:09,116 INFO com.intuit.craftdemo.config.RequestInterceptor [http-nio-9200-exec-1] TRACER ID: c232955eda314bd88bad55116e138604  | Request URL: /error
2022-05-23 22:49:36,824 INFO org.springframework.boot.StartupInfoLogger [main] Starting CraftDemoApplication using Java 11.0.10 on MSI with PID 23100 (C:\Users\deepa\Desktop\Craft demo\craft-demo\target\classes started by deepa in C:\Users\deepa\Desktop\Craft demo\craft-demo)
2022-05-23 22:49:36,828 INFO org.springframework.boot.SpringApplication [main] No active profile set, falling back to 1 default profile: "default"
2022-05-23 22:49:38,574 INFO org.springframework.boot.web.embedded.tomcat.TomcatWebServer [main] Tomcat initialized with port(s): 9200 (http)
2022-05-23 22:49:38,585 INFO org.apache.juli.logging.DirectJDKLog [main] Initializing ProtocolHandler ["http-nio-9200"]
2022-05-23 22:49:38,586 INFO org.apache.juli.logging.DirectJDKLog [main] Starting service [Tomcat]
2022-05-23 22:49:38,586 INFO org.apache.juli.logging.DirectJDKLog [main] Starting Servlet engine: [Apache Tomcat/9.0.62]
2022-05-23 22:49:38,688 INFO org.apache.juli.logging.DirectJDKLog [main] Initializing Spring embedded WebApplicationContext
2022-05-23 22:49:38,688 INFO org.springframework.boot.web.servlet.context.ServletWebServerApplicationContext [main] Root WebApplicationContext: initialization completed in 1783 ms
2022-05-23 22:49:39,154 INFO org.springframework.security.web.DefaultSecurityFilterChain [main] Will secure any request with [org.springframework.security.web.context.request.async.WebAsyncManagerIntegrationFilter@4a44cfc0, org.springframework.security.web.context.SecurityContextPersistenceFilter@642857e0, org.springframework.security.web.header.HeaderWriterFilter@65a9ea3c, org.springframework.security.web.csrf.CsrfFilter@163042ea, org.springframework.security.web.authentication.logout.LogoutFilter@d16be4f, org.springframework.security.web.authentication.www.BasicAuthenticationFilter@6af90849, org.springframework.security.web.savedrequest.RequestCacheAwareFilter@21263314, org.springframework.security.web.servletapi.SecurityContextHolderAwareRequestFilter@383caf89, org.springframework.security.web.authentication.AnonymousAuthenticationFilter@60e3c26e, org.springframework.security.web.session.SessionManagementFilter@4d84049a, org.springframework.security.web.access.ExceptionTranslationFilter@1835dc92, org.springframework.security.web.access.intercept.FilterSecurityInterceptor@3472947a]
2022-05-23 22:49:39,659 INFO org.apache.juli.logging.DirectJDKLog [main] Starting ProtocolHandler ["http-nio-9200"]
2022-05-23 22:49:39,699 INFO org.springframework.boot.web.embedded.tomcat.TomcatWebServer [main] Tomcat started on port(s): 9200 (http) with context path ''
2022-05-23 22:49:39,724 INFO org.springframework.boot.StartupInfoLogger [main] Started CraftDemoApplication in 3.483 seconds (JVM running for 3.916)
2022-05-23 22:50:23,046 INFO org.apache.juli.logging.DirectJDKLog [http-nio-9200-exec-2] Initializing Spring DispatcherServlet 'dispatcherServlet'
2022-05-23 22:50:23,048 INFO org.springframework.web.servlet.FrameworkServlet [http-nio-9200-exec-2] Initializing Servlet 'dispatcherServlet'
2022-05-23 22:50:23,049 INFO org.springframework.web.servlet.FrameworkServlet [http-nio-9200-exec-2] Completed initialization in 0 ms
2022-05-23 22:50:24,130 WARN org.apache.juli.logging.DirectJDKLog [http-nio-9200-exec-2] Creation of SecureRandom instance for session ID generation using [SHA1PRNG] took [1,041] milliseconds.
2022-05-23 22:50:24,161 INFO com.intuit.craftdemo.config.RequestInterceptor [http-nio-9200-exec-2] Generating tracer
2022-05-23 22:50:24,162 INFO com.intuit.craftdemo.config.RequestInterceptor [http-nio-9200-exec-2] TRACER ID: e4a445be0b544756a27031656c3b2500  | Request URL: /craft/v1/sucess
2022-05-23 22:50:24,194 INFO com.intuit.craftdemo.config.RequestInterceptor [http-nio-9200-exec-2] Generating tracer
2022-05-23 22:50:24,195 INFO com.intuit.craftdemo.config.RequestInterceptor [http-nio-9200-exec-2] TRACER ID: 05a32bf2a43945dc853a4862c1e74573  | Request URL: /error
2022-05-23 22:50:35,273 INFO com.intuit.craftdemo.config.RequestInterceptor [http-nio-9200-exec-3] Generating tracer
2022-05-23 22:50:35,274 INFO com.intuit.craftdemo.config.RequestInterceptor [http-nio-9200-exec-3] TRACER ID: 0650632f0f274b75b50f861418f2ea50  | Request URL: /craft/v1/success
2022-05-23 22:50:35,287 INFO com.intuit.craftdemo.controller.CraftDemoController [http-nio-9200-exec-3] handleSuccess controller
2022-05-23 22:50:35,288 INFO com.intuit.craftdemo.controller.CraftDemoController [http-nio-9200-exec-3]  user name admin
2022-05-23 22:51:07,330 INFO org.springframework.boot.StartupInfoLogger [main] Starting CraftDemoApplication using Java 11.0.10 on MSI with PID 21128 (C:\Users\deepa\Desktop\Craft demo\craft-demo\target\classes started by deepa in C:\Users\deepa\Desktop\Craft demo\craft-demo)
2022-05-23 22:51:07,335 INFO org.springframework.boot.SpringApplication [main] No active profile set, falling back to 1 default profile: "default"
2022-05-23 22:51:08,916 INFO org.springframework.boot.web.embedded.tomcat.TomcatWebServer [main] Tomcat initialized with port(s): 9200 (http)
2022-05-23 22:51:08,926 INFO org.apache.juli.logging.DirectJDKLog [main] Initializing ProtocolHandler ["http-nio-9200"]
2022-05-23 22:51:08,927 INFO org.apache.juli.logging.DirectJDKLog [main] Starting service [Tomcat]
2022-05-23 22:51:08,928 INFO org.apache.juli.logging.DirectJDKLog [main] Starting Servlet engine: [Apache Tomcat/9.0.62]
2022-05-23 22:51:09,043 INFO org.apache.juli.logging.DirectJDKLog [main] Initializing Spring embedded WebApplicationContext
2022-05-23 22:51:09,043 INFO org.springframework.boot.web.servlet.context.ServletWebServerApplicationContext [main] Root WebApplicationContext: initialization completed in 1611 ms
2022-05-23 22:51:09,316 INFO org.springframework.security.web.DefaultSecurityFilterChain [main] Will secure any request with [org.springframework.security.web.context.request.async.WebAsyncManagerIntegrationFilter@6215366a, org.springframework.security.web.context.SecurityContextPersistenceFilter@43c57161, org.springframework.security.web.header.HeaderWriterFilter@76544c0a, org.springframework.security.web.csrf.CsrfFilter@4d9754a8, org.springframework.security.web.authentication.logout.LogoutFilter@62a68bcb, org.springframework.security.web.authentication.www.BasicAuthenticationFilter@2ead6ba4, org.springframework.security.web.savedrequest.RequestCacheAwareFilter@2db33feb, org.springframework.security.web.servletapi.SecurityContextHolderAwareRequestFilter@4d84049a, org.springframework.security.web.authentication.AnonymousAuthenticationFilter@46dcbeab, org.springframework.security.web.session.SessionManagementFilter@2db1b657, org.springframework.security.web.access.ExceptionTranslationFilter@748a654a, org.springframework.security.web.access.intercept.FilterSecurityInterceptor@64942607]
2022-05-23 22:51:09,546 INFO org.apache.juli.logging.DirectJDKLog [main] Starting ProtocolHandler ["http-nio-9200"]
2022-05-23 22:51:09,570 INFO org.springframework.boot.web.embedded.tomcat.TomcatWebServer [main] Tomcat started on port(s): 9200 (http) with context path ''
2022-05-23 22:51:09,580 INFO org.springframework.boot.StartupInfoLogger [main] Started CraftDemoApplication in 2.803 seconds (JVM running for 3.235)
2022-05-23 22:51:13,873 INFO org.apache.juli.logging.DirectJDKLog [http-nio-9200-exec-2] Initializing Spring DispatcherServlet 'dispatcherServlet'
2022-05-23 22:51:13,876 INFO org.springframework.web.servlet.FrameworkServlet [http-nio-9200-exec-2] Initializing Servlet 'dispatcherServlet'
2022-05-23 22:51:13,880 INFO org.springframework.web.servlet.FrameworkServlet [http-nio-9200-exec-2] Completed initialization in 3 ms
2022-05-23 22:51:15,489 WARN org.apache.juli.logging.DirectJDKLog [http-nio-9200-exec-2] Creation of SecureRandom instance for session ID generation using [SHA1PRNG] took [1,540] milliseconds.
2022-05-23 22:51:15,551 INFO com.intuit.craftdemo.config.RequestInterceptor [http-nio-9200-exec-2] Generating tracer
2022-05-23 22:51:15,553 INFO com.intuit.craftdemo.config.RequestInterceptor [http-nio-9200-exec-2] TRACER ID: f5cb7a5ec7604bb9819627a08f58cc97  | Request URL: /craft/v1/success
2022-05-23 22:51:15,624 INFO com.intuit.craftdemo.controller.CraftDemoController [http-nio-9200-exec-2] handleSuccess controller
2022-05-23 22:51:15,625 INFO com.intuit.craftdemo.controller.CraftDemoController [http-nio-9200-exec-2]  user name admin
2022-05-23 23:11:25,772 INFO org.springframework.boot.StartupInfoLogger [main] Starting CraftDemoApplication using Java 11.0.10 on MSI with PID 23324 (C:\Users\deepa\Desktop\Craft demo\craft-demo\target\classes started by deepa in C:\Users\deepa\Desktop\Craft demo\craft-demo)
2022-05-23 23:11:25,775 INFO org.springframework.boot.SpringApplication [main] No active profile set, falling back to 1 default profile: "default"
2022-05-23 23:11:27,667 INFO org.springframework.boot.web.embedded.tomcat.TomcatWebServer [main] Tomcat initialized with port(s): 9200 (http)
2022-05-23 23:11:27,678 INFO org.apache.juli.logging.DirectJDKLog [main] Initializing ProtocolHandler ["http-nio-9200"]
2022-05-23 23:11:27,679 INFO org.apache.juli.logging.DirectJDKLog [main] Starting service [Tomcat]
2022-05-23 23:11:27,680 INFO org.apache.juli.logging.DirectJDKLog [main] Starting Servlet engine: [Apache Tomcat/9.0.62]
2022-05-23 23:11:27,802 INFO org.apache.juli.logging.DirectJDKLog [main] Initializing Spring embedded WebApplicationContext
2022-05-23 23:11:27,803 INFO org.springframework.boot.web.servlet.context.ServletWebServerApplicationContext [main] Root WebApplicationContext: initialization completed in 1934 ms
2022-05-23 23:11:28,063 INFO org.springframework.security.web.DefaultSecurityFilterChain [main] Will secure any request with [org.springframework.security.web.context.request.async.WebAsyncManagerIntegrationFilter@27a09971, org.springframework.security.web.context.SecurityContextPersistenceFilter@7e351d7, org.springframework.security.web.header.HeaderWriterFilter@1d8b0500, org.springframework.security.web.csrf.CsrfFilter@49469ffa, org.springframework.security.web.authentication.logout.LogoutFilter@14c93774, org.springframework.security.web.authentication.www.BasicAuthenticationFilter@3af58f76, org.springframework.security.web.savedrequest.RequestCacheAwareFilter@d902300, org.springframework.security.web.servletapi.SecurityContextHolderAwareRequestFilter@60990e5c, org.springframework.security.web.authentication.AnonymousAuthenticationFilter@6215366a, org.springframework.security.web.session.SessionManagementFilter@46911148, org.springframework.security.web.access.ExceptionTranslationFilter@7ec95456, org.springframework.security.web.access.intercept.FilterSecurityInterceptor@68e02f33]
2022-05-23 23:11:28,303 INFO org.apache.juli.logging.DirectJDKLog [main] Starting ProtocolHandler ["http-nio-9200"]
2022-05-23 23:11:28,322 INFO org.springframework.boot.web.embedded.tomcat.TomcatWebServer [main] Tomcat started on port(s): 9200 (http) with context path ''
2022-05-23 23:11:28,335 INFO org.springframework.boot.StartupInfoLogger [main] Started CraftDemoApplication in 3.127 seconds (JVM running for 3.559)
2022-05-23 23:12:16,945 INFO org.apache.juli.logging.DirectJDKLog [http-nio-9200-exec-2] Initializing Spring DispatcherServlet 'dispatcherServlet'
2022-05-23 23:12:16,946 INFO org.springframework.web.servlet.FrameworkServlet [http-nio-9200-exec-2] Initializing Servlet 'dispatcherServlet'
2022-05-23 23:12:16,947 INFO org.springframework.web.servlet.FrameworkServlet [http-nio-9200-exec-2] Completed initialization in 1 ms
2022-05-23 23:12:17,857 WARN org.apache.juli.logging.DirectJDKLog [http-nio-9200-exec-2] Creation of SecureRandom instance for session ID generation using [SHA1PRNG] took [879] milliseconds.
2022-05-23 23:12:17,887 INFO com.intuit.craftdemo.config.RequestInterceptor [http-nio-9200-exec-2] Generating tracer
2022-05-23 23:12:17,888 INFO com.intuit.craftdemo.config.RequestInterceptor [http-nio-9200-exec-2] TRACER ID: 97138aa0c9ab4bae9f8cf067ff070c77  | Request URL: /craft/v1/success
2022-05-23 23:12:17,918 INFO com.intuit.craftdemo.controller.CraftDemoController [http-nio-9200-exec-2] handleSuccess controller
2022-05-23 23:12:17,919 INFO com.intuit.craftdemo.controller.CraftDemoController [http-nio-9200-exec-2]  user name admin
2022-05-23 23:19:22,993 INFO org.springframework.boot.StartupInfoLogger [main] Starting CraftDemoApplication using Java 11.0.10 on MSI with PID 15172 (C:\Users\deepa\Desktop\Craft demo\craft-demo\target\classes started by deepa in C:\Users\deepa\Desktop\Craft demo\craft-demo)
2022-05-23 23:19:22,998 INFO org.springframework.boot.SpringApplication [main] No active profile set, falling back to 1 default profile: "default"
2022-05-23 23:19:24,687 INFO org.springframework.boot.web.embedded.tomcat.TomcatWebServer [main] Tomcat initialized with port(s): 9200 (http)
2022-05-23 23:19:24,697 INFO org.apache.juli.logging.DirectJDKLog [main] Initializing ProtocolHandler ["http-nio-9200"]
2022-05-23 23:19:24,698 INFO org.apache.juli.logging.DirectJDKLog [main] Starting service [Tomcat]
2022-05-23 23:19:24,698 INFO org.apache.juli.logging.DirectJDKLog [main] Starting Servlet engine: [Apache Tomcat/9.0.62]
2022-05-23 23:19:24,815 INFO org.apache.juli.logging.DirectJDKLog [main] Initializing Spring embedded WebApplicationContext
2022-05-23 23:19:24,816 INFO org.springframework.boot.web.servlet.context.ServletWebServerApplicationContext [main] Root WebApplicationContext: initialization completed in 1726 ms
2022-05-23 23:19:25,079 INFO org.springframework.security.web.DefaultSecurityFilterChain [main] Will secure any request with [org.springframework.security.web.context.request.async.WebAsyncManagerIntegrationFilter@4fa4f485, org.springframework.security.web.context.SecurityContextPersistenceFilter@39ee94de, org.springframework.security.web.header.HeaderWriterFilter@3aaa3c39, org.springframework.security.web.csrf.CsrfFilter@58fbd02e, org.springframework.security.web.authentication.logout.LogoutFilter@6413d7e7, org.springframework.security.web.authentication.www.BasicAuthenticationFilter@5ec1963c, org.springframework.security.web.savedrequest.RequestCacheAwareFilter@4c6b4ed7, org.springframework.security.web.servletapi.SecurityContextHolderAwareRequestFilter@4cb702ce, org.springframework.security.web.authentication.AnonymousAuthenticationFilter@68dd39d2, org.springframework.security.web.session.SessionManagementFilter@60990e5c, org.springframework.security.web.access.ExceptionTranslationFilter@6fff46bf, org.springframework.security.web.access.intercept.FilterSecurityInterceptor@7885776b]
2022-05-23 23:19:25,304 INFO org.apache.juli.logging.DirectJDKLog [main] Starting ProtocolHandler ["http-nio-9200"]
2022-05-23 23:19:25,326 INFO org.springframework.boot.web.embedded.tomcat.TomcatWebServer [main] Tomcat started on port(s): 9200 (http) with context path ''
2022-05-23 23:19:25,335 INFO org.springframework.boot.StartupInfoLogger [main] Started CraftDemoApplication in 2.909 seconds (JVM running for 3.347)
2022-05-23 23:19:29,479 INFO org.apache.juli.logging.DirectJDKLog [http-nio-9200-exec-1] Initializing Spring DispatcherServlet 'dispatcherServlet'
2022-05-23 23:19:29,481 INFO org.springframework.web.servlet.FrameworkServlet [http-nio-9200-exec-1] Initializing Servlet 'dispatcherServlet'
2022-05-23 23:19:29,483 INFO org.springframework.web.servlet.FrameworkServlet [http-nio-9200-exec-1] Completed initialization in 2 ms
2022-05-23 23:21:14,289 INFO org.springframework.boot.StartupInfoLogger [main] Starting CraftDemoApplication using Java 11.0.10 on MSI with PID 20952 (C:\Users\deepa\Desktop\Craft demo\craft-demo\target\classes started by deepa in C:\Users\deepa\Desktop\Craft demo\craft-demo)
2022-05-23 23:21:14,294 INFO org.springframework.boot.SpringApplication [main] No active profile set, falling back to 1 default profile: "default"
2022-05-23 23:21:15,983 INFO org.springframework.boot.web.embedded.tomcat.TomcatWebServer [main] Tomcat initialized with port(s): 9200 (http)
2022-05-23 23:21:15,993 INFO org.apache.juli.logging.DirectJDKLog [main] Initializing ProtocolHandler ["http-nio-9200"]
2022-05-23 23:21:15,994 INFO org.apache.juli.logging.DirectJDKLog [main] Starting service [Tomcat]
2022-05-23 23:21:15,994 INFO org.apache.juli.logging.DirectJDKLog [main] Starting Servlet engine: [Apache Tomcat/9.0.62]
2022-05-23 23:21:16,110 INFO org.apache.juli.logging.DirectJDKLog [main] Initializing Spring embedded WebApplicationContext
2022-05-23 23:21:16,111 INFO org.springframework.boot.web.servlet.context.ServletWebServerApplicationContext [main] Root WebApplicationContext: initialization completed in 1728 ms
2022-05-23 23:21:16,370 INFO org.springframework.security.web.DefaultSecurityFilterChain [main] Will secure any request with [org.springframework.security.web.context.request.async.WebAsyncManagerIntegrationFilter@2404b5a, org.springframework.security.web.context.SecurityContextPersistenceFilter@3aaa3c39, org.springframework.security.web.header.HeaderWriterFilter@d70f722, org.springframework.security.web.csrf.CsrfFilter@6807a356, org.springframework.security.web.authentication.logout.LogoutFilter@124dac75, org.springframework.security.web.authentication.www.BasicAuthenticationFilter@3a3ed300, org.springframework.security.web.savedrequest.RequestCacheAwareFilter@70f68288, org.springframework.security.web.servletapi.SecurityContextHolderAwareRequestFilter@d902300, org.springframework.security.web.authentication.AnonymousAuthenticationFilter@3af58f76, org.springframework.security.web.session.SessionManagementFilter@6fff46bf, org.springframework.security.web.access.ExceptionTranslationFilter@1fbf088b, org.springframework.security.web.access.intercept.FilterSecurityInterceptor@4cad79bc]
2022-05-23 23:21:16,598 INFO org.apache.juli.logging.DirectJDKLog [main] Starting ProtocolHandler ["http-nio-9200"]
2022-05-23 23:21:16,617 INFO org.springframework.boot.web.embedded.tomcat.TomcatWebServer [main] Tomcat started on port(s): 9200 (http) with context path ''
2022-05-23 23:21:16,627 INFO org.springframework.boot.StartupInfoLogger [main] Started CraftDemoApplication in 2.915 seconds (JVM running for 3.396)
2022-05-23 23:21:20,555 INFO org.apache.juli.logging.DirectJDKLog [http-nio-9200-exec-1] Initializing Spring DispatcherServlet 'dispatcherServlet'
2022-05-23 23:21:20,557 INFO org.springframework.web.servlet.FrameworkServlet [http-nio-9200-exec-1] Initializing Servlet 'dispatcherServlet'
2022-05-23 23:21:20,559 INFO org.springframework.web.servlet.FrameworkServlet [http-nio-9200-exec-1] Completed initialization in 1 ms
2022-05-23 23:21:55,145 WARN org.apache.juli.logging.DirectJDKLog [http-nio-9200-exec-6] Creation of SecureRandom instance for session ID generation using [SHA1PRNG] took [1,179] milliseconds.
2022-05-23 23:21:55,163 INFO com.intuit.craftdemo.config.RequestInterceptor [http-nio-9200-exec-6] Generating tracer
2022-05-23 23:21:55,164 INFO com.intuit.craftdemo.config.RequestInterceptor [http-nio-9200-exec-6] TRACER ID: 11b1481867dc4902a8da3f7c438e2025  | Request URL: /craft/v1/success
2022-05-23 23:21:55,212 INFO com.intuit.craftdemo.controller.CraftDemoController [http-nio-9200-exec-6] handleSuccess controller
2022-05-23 23:21:55,213 INFO com.intuit.craftdemo.controller.CraftDemoController [http-nio-9200-exec-6]  user name admin
2022-05-23 23:25:08,763 INFO com.intuit.craftdemo.config.RequestInterceptor [http-nio-9200-exec-7] Generating tracer
2022-05-23 23:25:08,764 INFO com.intuit.craftdemo.config.RequestInterceptor [http-nio-9200-exec-7] TRACER ID: 7ac7277158b644ea98bc512ce5bdc27b  | Request URL: /craft/v1/success
2022-05-23 23:25:08,766 INFO com.intuit.craftdemo.controller.CraftDemoController [http-nio-9200-exec-7] handleSuccess controller
2022-05-23 23:25:08,767 INFO com.intuit.craftdemo.controller.CraftDemoController [http-nio-9200-exec-7]  user name deepak
2022-05-23 23:25:18,439 INFO com.intuit.craftdemo.config.RequestInterceptor [http-nio-9200-exec-9] Generating tracer
2022-05-23 23:25:18,440 INFO com.intuit.craftdemo.config.RequestInterceptor [http-nio-9200-exec-9] TRACER ID: 87cb55249c19482780fdaaed87fec6fa  | Request URL: /craft/v1/success
2022-05-23 23:25:18,442 INFO com.intuit.craftdemo.controller.CraftDemoController [http-nio-9200-exec-9] handleSuccess controller
2022-05-23 23:25:18,442 INFO com.intuit.craftdemo.controller.CraftDemoController [http-nio-9200-exec-9]  user name admin
2022-05-23 23:29:51,603 INFO com.intuit.craftdemo.config.RequestInterceptor [http-nio-9200-exec-3] Generating tracer
2022-05-23 23:29:51,604 INFO com.intuit.craftdemo.config.RequestInterceptor [http-nio-9200-exec-3] TRACER ID: 72df64b2949644b49e33a92fde48a6b5  | Request URL: /craft/v1/success
2022-05-23 23:29:51,606 INFO com.intuit.craftdemo.controller.CraftDemoController [http-nio-9200-exec-3] handleSuccess controller
2022-05-23 23:29:51,607 INFO com.intuit.craftdemo.controller.CraftDemoController [http-nio-9200-exec-3]  user name admin
2022-05-23 23:29:55,734 INFO com.intuit.craftdemo.config.RequestInterceptor [http-nio-9200-exec-5] Generating tracer
2022-05-23 23:29:55,734 INFO com.intuit.craftdemo.config.RequestInterceptor [http-nio-9200-exec-5] TRACER ID: 384f49b9cfe544e68d6a4cbff51d2c33  | Request URL: /craft/v1/fail
2022-05-23 23:29:55,752 INFO com.intuit.craftdemo.config.RequestInterceptor [http-nio-9200-exec-5] Generating tracer
2022-05-23 23:29:55,753 INFO com.intuit.craftdemo.config.RequestInterceptor [http-nio-9200-exec-5] TRACER ID: 34bf940441ab4364947bcafba95be218  | Request URL: /error
2022-05-23 23:45:25,060 INFO org.springframework.boot.StartupInfoLogger [main] Starting CraftDemoApplication using Java 11.0.10 on MSI with PID 22432 (C:\Users\deepa\Desktop\Craft demo\craft-demo\target\classes started by deepa in C:\Users\deepa\Desktop\Craft demo\craft-demo)
2022-05-23 23:45:25,065 INFO org.springframework.boot.SpringApplication [main] No active profile set, falling back to 1 default profile: "default"
2022-05-23 23:45:26,933 INFO org.springframework.boot.web.embedded.tomcat.TomcatWebServer [main] Tomcat initialized with port(s): 9200 (http)
2022-05-23 23:45:26,941 INFO org.apache.juli.logging.DirectJDKLog [main] Initializing ProtocolHandler ["http-nio-9200"]
2022-05-23 23:45:26,942 INFO org.apache.juli.logging.DirectJDKLog [main] Starting service [Tomcat]
2022-05-23 23:45:26,942 INFO org.apache.juli.logging.DirectJDKLog [main] Starting Servlet engine: [Apache Tomcat/9.0.62]
2022-05-23 23:45:27,040 INFO org.apache.juli.logging.DirectJDKLog [main] Initializing Spring embedded WebApplicationContext
2022-05-23 23:45:27,040 INFO org.springframework.boot.web.servlet.context.ServletWebServerApplicationContext [main] Root WebApplicationContext: initialization completed in 1889 ms
2022-05-23 23:45:27,284 INFO org.springframework.security.web.DefaultSecurityFilterChain [main] Will secure any request with [org.springframework.security.web.context.request.async.WebAsyncManagerIntegrationFilter@7dcb42a9, org.springframework.security.web.context.SecurityContextPersistenceFilter@54e12f4c, org.springframework.security.web.header.HeaderWriterFilter@68f6e55d, org.springframework.security.web.csrf.CsrfFilter@7327a447, org.springframework.security.web.authentication.logout.LogoutFilter@45658133, org.springframework.security.web.authentication.www.BasicAuthenticationFilter@46dcbeab, org.springframework.security.web.savedrequest.RequestCacheAwareFilter@4d84049a, org.springframework.security.web.servletapi.SecurityContextHolderAwareRequestFilter@6ca30b8a, org.springframework.security.web.authentication.AnonymousAuthenticationFilter@6af90849, org.springframework.security.web.session.SessionManagementFilter@30c3ae63, org.springframework.security.web.access.ExceptionTranslationFilter@20eaeaf8, org.springframework.security.web.access.intercept.FilterSecurityInterceptor@1a256d80]
2022-05-23 23:45:27,514 INFO org.apache.juli.logging.DirectJDKLog [main] Starting ProtocolHandler ["http-nio-9200"]
2022-05-23 23:45:27,535 INFO org.springframework.boot.web.embedded.tomcat.TomcatWebServer [main] Tomcat started on port(s): 9200 (http) with context path ''
2022-05-23 23:45:27,545 INFO org.springframework.boot.StartupInfoLogger [main] Started CraftDemoApplication in 3.039 seconds (JVM running for 3.491)
2022-05-23 23:45:36,100 INFO org.apache.juli.logging.DirectJDKLog [http-nio-9200-exec-1] Initializing Spring DispatcherServlet 'dispatcherServlet'
2022-05-23 23:45:36,102 INFO org.springframework.web.servlet.FrameworkServlet [http-nio-9200-exec-1] Initializing Servlet 'dispatcherServlet'
2022-05-23 23:45:36,104 INFO org.springframework.web.servlet.FrameworkServlet [http-nio-9200-exec-1] Completed initialization in 1 ms
2022-05-23 23:45:37,574 WARN org.apache.juli.logging.DirectJDKLog [http-nio-9200-exec-1] Creation of SecureRandom instance for session ID generation using [SHA1PRNG] took [1,429] milliseconds.
2022-05-23 23:45:37,626 INFO com.intuit.craftdemo.config.RequestInterceptor [http-nio-9200-exec-1] Generating tracer
2022-05-23 23:45:37,627 INFO com.intuit.craftdemo.config.RequestInterceptor [http-nio-9200-exec-1] TRACER ID: bc49483de5f943e397477b0d6c264d52  | Request URL: /craft/v1/fail
2022-05-23 23:45:37,656 INFO com.intuit.craftdemo.config.RequestInterceptor [http-nio-9200-exec-1] Generating tracer
2022-05-23 23:45:37,657 INFO com.intuit.craftdemo.config.RequestInterceptor [http-nio-9200-exec-1] TRACER ID: c92ff9cc9dbe4bda9acab879f21601d9  | Request URL: /error
2022-05-23 23:46:09,337 INFO org.springframework.boot.StartupInfoLogger [main] Starting CraftDemoApplication using Java 11.0.10 on MSI with PID 10052 (C:\Users\deepa\Desktop\Craft demo\craft-demo\target\classes started by deepa in C:\Users\deepa\Desktop\Craft demo\craft-demo)
2022-05-23 23:46:09,341 INFO org.springframework.boot.SpringApplication [main] No active profile set, falling back to 1 default profile: "default"
2022-05-23 23:46:10,966 INFO org.springframework.boot.web.embedded.tomcat.TomcatWebServer [main] Tomcat initialized with port(s): 9200 (http)
2022-05-23 23:46:10,976 INFO org.apache.juli.logging.DirectJDKLog [main] Initializing ProtocolHandler ["http-nio-9200"]
2022-05-23 23:46:10,976 INFO org.apache.juli.logging.DirectJDKLog [main] Starting service [Tomcat]
2022-05-23 23:46:10,977 INFO org.apache.juli.logging.DirectJDKLog [main] Starting Servlet engine: [Apache Tomcat/9.0.62]
2022-05-23 23:46:11,160 INFO org.apache.juli.logging.DirectJDKLog [main] Initializing Spring embedded WebApplicationContext
2022-05-23 23:46:11,161 INFO org.springframework.boot.web.servlet.context.ServletWebServerApplicationContext [main] Root WebApplicationContext: initialization completed in 1739 ms
2022-05-23 23:46:11,430 INFO org.springframework.security.web.DefaultSecurityFilterChain [main] Will secure any request with [org.springframework.security.web.context.request.async.WebAsyncManagerIntegrationFilter@2404b5a, org.springframework.security.web.context.SecurityContextPersistenceFilter@3aaa3c39, org.springframework.security.web.header.HeaderWriterFilter@d70f722, org.springframework.security.web.csrf.CsrfFilter@6807a356, org.springframework.security.web.authentication.logout.LogoutFilter@124dac75, org.springframework.security.web.authentication.www.BasicAuthenticationFilter@3a3ed300, org.springframework.security.web.savedrequest.RequestCacheAwareFilter@70f68288, org.springframework.security.web.servletapi.SecurityContextHolderAwareRequestFilter@d902300, org.springframework.security.web.authentication.AnonymousAuthenticationFilter@3af58f76, org.springframework.security.web.session.SessionManagementFilter@6fff46bf, org.springframework.security.web.access.ExceptionTranslationFilter@1fbf088b, org.springframework.security.web.access.intercept.FilterSecurityInterceptor@4cad79bc]
2022-05-23 23:46:11,663 INFO org.apache.juli.logging.DirectJDKLog [main] Starting ProtocolHandler ["http-nio-9200"]
2022-05-23 23:46:11,683 INFO org.springframework.boot.web.embedded.tomcat.TomcatWebServer [main] Tomcat started on port(s): 9200 (http) with context path ''
2022-05-23 23:46:11,694 INFO org.springframework.boot.StartupInfoLogger [main] Started CraftDemoApplication in 2.906 seconds (JVM running for 3.339)
2022-05-23 23:46:15,089 INFO org.apache.juli.logging.DirectJDKLog [http-nio-9200-exec-2] Initializing Spring DispatcherServlet 'dispatcherServlet'
2022-05-23 23:46:15,092 INFO org.springframework.web.servlet.FrameworkServlet [http-nio-9200-exec-2] Initializing Servlet 'dispatcherServlet'
2022-05-23 23:46:15,096 INFO org.springframework.web.servlet.FrameworkServlet [http-nio-9200-exec-2] Completed initialization in 3 ms
2022-05-23 23:46:16,284 WARN org.apache.juli.logging.DirectJDKLog [http-nio-9200-exec-2] Creation of SecureRandom instance for session ID generation using [SHA1PRNG] took [1,126] milliseconds.
2022-05-23 23:46:16,323 INFO com.intuit.craftdemo.config.RequestInterceptor [http-nio-9200-exec-2] Generating tracer
2022-05-23 23:46:16,324 INFO com.intuit.craftdemo.config.RequestInterceptor [http-nio-9200-exec-2] TRACER ID: 2f452b1386fd46f3bc57edcc754c857e  | Request URL: /craft/v1/fail
2022-05-23 23:46:16,388 INFO com.intuit.craftdemo.config.RequestInterceptor [http-nio-9200-exec-2] Generating tracer
2022-05-23 23:46:16,389 INFO com.intuit.craftdemo.config.RequestInterceptor [http-nio-9200-exec-2] TRACER ID: 34fe2b5452cf43e8bd02618fc5f38648  | Request URL: /error
2022-05-23 23:47:18,356 INFO org.springframework.boot.StartupInfoLogger [main] Starting CraftDemoApplication using Java 11.0.10 on MSI with PID 12744 (C:\Users\deepa\Desktop\Craft demo\craft-demo\target\classes started by deepa in C:\Users\deepa\Desktop\Craft demo\craft-demo)
2022-05-23 23:47:18,359 INFO org.springframework.boot.SpringApplication [main] No active profile set, falling back to 1 default profile: "default"
2022-05-23 23:47:19,925 INFO org.springframework.boot.web.embedded.tomcat.TomcatWebServer [main] Tomcat initialized with port(s): 9200 (http)
2022-05-23 23:47:19,934 INFO org.apache.juli.logging.DirectJDKLog [main] Initializing ProtocolHandler ["http-nio-9200"]
2022-05-23 23:47:19,935 INFO org.apache.juli.logging.DirectJDKLog [main] Starting service [Tomcat]
2022-05-23 23:47:19,935 INFO org.apache.juli.logging.DirectJDKLog [main] Starting Servlet engine: [Apache Tomcat/9.0.62]
2022-05-23 23:47:20,058 INFO org.apache.juli.logging.DirectJDKLog [main] Initializing Spring embedded WebApplicationContext
2022-05-23 23:47:20,058 INFO org.springframework.boot.web.servlet.context.ServletWebServerApplicationContext [main] Root WebApplicationContext: initialization completed in 1620 ms
2022-05-23 23:47:20,317 INFO org.springframework.security.web.DefaultSecurityFilterChain [main] Will secure any request with [org.springframework.security.web.context.request.async.WebAsyncManagerIntegrationFilter@3af58f76, org.springframework.security.web.context.SecurityContextPersistenceFilter@65a9ea3c, org.springframework.security.web.header.HeaderWriterFilter@1e1eeedd, org.springframework.security.web.csrf.CsrfFilter@7ddd84b5, org.springframework.security.web.authentication.logout.LogoutFilter@315105f, com.intuit.craftdemo.security.CustomFilter@2ead6ba4, org.springframework.security.web.authentication.www.BasicAuthenticationFilter@1984212d, org.springframework.security.web.savedrequest.RequestCacheAwareFilter@46911148, org.springframework.security.web.servletapi.SecurityContextHolderAwareRequestFilter@2db33feb, org.springframework.security.web.authentication.AnonymousAuthenticationFilter@31a2a9fa, org.springframework.security.web.session.SessionManagementFilter@1835dc92, org.springframework.security.web.access.ExceptionTranslationFilter@1943c1f2, org.springframework.security.web.access.intercept.FilterSecurityInterceptor@2c63762b]
2022-05-23 23:47:20,565 INFO org.apache.juli.logging.DirectJDKLog [main] Starting ProtocolHandler ["http-nio-9200"]
2022-05-23 23:47:20,585 INFO org.springframework.boot.web.embedded.tomcat.TomcatWebServer [main] Tomcat started on port(s): 9200 (http) with context path ''
2022-05-23 23:47:20,594 INFO org.springframework.boot.StartupInfoLogger [main] Started CraftDemoApplication in 2.786 seconds (JVM running for 3.224)
2022-05-23 23:47:23,042 INFO org.apache.juli.logging.DirectJDKLog [http-nio-9200-exec-2] Initializing Spring DispatcherServlet 'dispatcherServlet'
2022-05-23 23:47:23,044 INFO org.springframework.web.servlet.FrameworkServlet [http-nio-9200-exec-2] Initializing Servlet 'dispatcherServlet'
2022-05-23 23:47:23,045 INFO org.springframework.web.servlet.FrameworkServlet [http-nio-9200-exec-2] Completed initialization in 1 ms
